2020.10.22 01:02:47 INFO  started: Metals version 0.9.4 in workspace '/root/ScalaFP_Coursera' for client vscode.
2020.10.22 01:02:47 INFO  time: initialize in 0.41s
2020.10.22 01:02:48 WARN  no build tool detected in workspace '/root/ScalaFP_Coursera'. The most common cause for this problem is that the editor was opened in the wrong working directory, for example if you use sbt then the workspace directory should contain build.sbt. 
2020.10.22 01:02:50 INFO  no build target: using presentation compiler with only scala-library
2020.10.22 01:02:50 WARN  no build target for: /root/ScalaFP_Coursera/week2/test.scala
2020.10.22 01:51:24 WARN  no build target for: /root/ScalaFP_Coursera/week2/test.scala
2020.10.22 01:54:53 WARN  no build target for: /root/ScalaFP_Coursera/week2/test.scala
2020.10.22 01:54:59 WARN  no build target for: /root/ScalaFP_Coursera/week2/test.scala
2020.10.22 02:01:43 WARN  no build target for: /root/ScalaFP_Coursera/week2/test.scala
2020.10.22 02:01:50 WARN  no build target for: /root/ScalaFP_Coursera/week2/test.scala
2020.10.22 02:02:19 WARN  no build target for: /root/ScalaFP_Coursera/week2/test.scala
2020.10.22 02:13:54 WARN  no build target for: /root/ScalaFP_Coursera/week2/test.scala
2020.10.22 02:14:04 WARN  no build target for: /root/ScalaFP_Coursera/week2/funsets/src/main/scala/funsets/FunSets.scala
2020.10.22 02:14:04 WARN  no build target for: /root/ScalaFP_Coursera/week2/funsets/src/main/scala/funsets/Main.scala
2020.10.22 02:14:06 WARN  no build target for: /root/ScalaFP_Coursera/week2/funsets/src/main/scala/funsets/FunSetsInterface.scala
2020.10.22 02:14:06 WARN  no build target for: /root/ScalaFP_Coursera/week2/funsets/src/main/scala/funsets/FunSets.scala
2020.10.22 02:18:13 WARN  no build target for: /root/ScalaFP_Coursera/week2/funsets/src/test/scala/funsets/FunSetSuite.scala
2020.10.22 02:18:19 WARN  no build target for: /root/ScalaFP_Coursera/week2/funsets/src/test/scala/funsets/FunSetSuite.scala
2020.10.22 02:18:22 WARN  no build target for: /root/ScalaFP_Coursera/week2/funsets/src/main/scala/funsets/FunSets.scala
2020.10.22 02:18:25 WARN  no build target for: /root/ScalaFP_Coursera/week2/funsets/src/main/scala/funsets/FunSetsInterface.scala
2020.10.22 02:18:26 WARN  no build target for: /root/ScalaFP_Coursera/week2/funsets/src/main/scala/funsets/Main.scala
2020.10.22 02:18:27 WARN  no build target for: /root/ScalaFP_Coursera/week2/funsets/src/main/scala/funsets/FunSets.scala
2020.10.22 02:20:13 WARN  no build target for: /root/ScalaFP_Coursera/week2/funsets/src/main/scala/funsets/Main.scala
2020.10.22 02:20:18 WARN  no build target for: /root/ScalaFP_Coursera/week2/funsets/src/main/scala/funsets/FunSetsInterface.scala
2020.10.22 02:21:41 WARN  no build target for: /root/ScalaFP_Coursera/week2/funsets/src/main/scala/funsets/FunSets.scala
2020.10.22 02:25:04 WARN  no build target for: /root/ScalaFP_Coursera/week2/funsets/src/main/scala/funsets/FunSetsInterface.scala
something's wrong: no file:///root/ScalaFP_Coursera/week2/funsets/src/main/scala/funsets/FunSetsInterface.scala in Int => BooleanRangePosition(file:///root/ScalaFP_Coursera/week2/funsets/src/main/scala/funsets/FunSetsInterface.scala, 211, 215, 225)
2020.10.22 02:26:06 WARN  no build target for: /root/ScalaFP_Coursera/week2/funsets/src/main/scala/funsets/FunSets.scala
2020.10.22 02:40:29 WARN  no build target for: /root/ScalaFP_Coursera/week2/funsets/src/main/scala/funsets/FunSets.scala
2020.10.22 02:43:34 WARN  no build target for: /root/ScalaFP_Coursera/week2/funsets/src/main/scala/funsets/FunSets.scala
2020.10.22 02:48:54 WARN  no build target for: /root/ScalaFP_Coursera/week2/funsets/src/main/scala/funsets/FunSets.scala
2020.10.22 02:50:37 WARN  no build target for: /root/ScalaFP_Coursera/week2/funsets/src/test/scala/funsets/FunSetSuite.scala
2020.10.22 02:54:47 WARN  no build target for: /root/ScalaFP_Coursera/week2/funsets/src/main/scala/funsets/FunSets.scala
2020.10.22 02:58:31 WARN  no build target for: /root/ScalaFP_Coursera/week2/funsets/src/main/scala/funsets/FunSets.scala
2020.10.22 02:58:38 WARN  no build target for: /root/ScalaFP_Coursera/week2/funsets/src/main/scala/funsets/FunSets.scala
2020.10.22 03:05:18 WARN  no build target for: /root/ScalaFP_Coursera/week2/funsets/src/main/scala/funsets/FunSets.scala
2020.10.22 03:05:58 WARN  no build tool detected in workspace '/root/ScalaFP_Coursera'. The most common cause for this problem is that the editor was opened in the wrong working directory, for example if you use sbt then the workspace directory should contain build.sbt. 
2020.10.22 03:05:59 WARN  no build tool detected in workspace '/root/ScalaFP_Coursera'. The most common cause for this problem is that the editor was opened in the wrong working directory, for example if you use sbt then the workspace directory should contain build.sbt. 
2020.10.22 03:06:05 WARN  no build target for: /root/ScalaFP_Coursera/week2/funsets/src/main/scala/funsets/FunSets.scala
2020.10.22 03:06:37 WARN  no build target for: /root/ScalaFP_Coursera/week2/funsets/src/main/scala/funsets/FunSetsInterface.scala
2020.10.22 03:12:01 WARN  no build target for: /root/ScalaFP_Coursera/week2/funsets/src/main/scala/funsets/Main.scala
2020.10.22 03:13:06 WARN  no build target for: /root/ScalaFP_Coursera/week2/funsets/src/main/scala/funsets/FunSets.scala
2020.10.22 03:15:43 WARN  no build target for: /root/ScalaFP_Coursera/week2/funsets/src/main/scala/funsets/FunSets.scala
2020.10.22 03:32:14 WARN  no build target for: /root/ScalaFP_Coursera/week2/funsets/src/test/scala/funsets/FunSetSuite.scala
2020.10.24 17:59:07 WARN  no build target for: /root/ScalaFP_Coursera/week2/funsets/src/main/scala/funsets/FunSets.scala
2020.10.24 18:00:10 WARN  no build target for: /root/ScalaFP_Coursera/week2/funsets/src/main/scala/funsets/FunSets.scala
2020.10.24 18:05:02 WARN  no build target for: /root/ScalaFP_Coursera/week2/test.scala
2020.10.24 18:05:32 WARN  no build target for: /root/ScalaFP_Coursera/week2/funsets/project/StudentTasks.scala
2020.10.24 18:28:00 WARN  no build tool detected in workspace '/root/ScalaFP_Coursera'. The most common cause for this problem is that the editor was opened in the wrong working directory, for example if you use sbt then the workspace directory should contain build.sbt. 
2020.10.24 18:28:24 WARN  no build target for: /root/ScalaFP_Coursera/week2/funsets/src/test/scala/funsets/FunSetSuite.scala
2020.10.24 18:28:32 WARN  no build target for: /root/ScalaFP_Coursera/week2/funsets/src/test/scala/funsets/FunSetSuite.scala
2020.10.24 18:31:07 WARN  no build target for: /root/ScalaFP_Coursera/week2/funsets/src/test/scala/funsets/FunSetSuite.scala
2020.10.24 18:35:08 WARN  no build target for: /root/ScalaFP_Coursera/week2/funsets/src/main/scala/funsets/FunSets.scala
2020.10.24 18:39:49 WARN  no build target for: /root/ScalaFP_Coursera/week2/funsets/src/main/scala/funsets/FunSets.scala
2020.10.24 18:41:09 WARN  no build tool detected in workspace '/root/ScalaFP_Coursera'. The most common cause for this problem is that the editor was opened in the wrong working directory, for example if you use sbt then the workspace directory should contain build.sbt. 
2020.10.24 18:46:14 WARN  no build target for: /root/ScalaFP_Coursera/week2/funsets/src/test/scala/funsets/FunSetSuite.scala
2020.10.24 18:46:37 WARN  no build target for: /root/ScalaFP_Coursera/week2/funsets/src/test/scala/funsets/FunSetSuite.scala
2020.10.24 18:52:02 WARN  no build target for: /root/ScalaFP_Coursera/week2/funsets/src/test/scala/funsets/FunSetSuite.scala
2020.10.24 18:52:04 WARN  no build target for: /root/ScalaFP_Coursera/week2/funsets/src/test/scala/funsets/FunSetSuite.scala
2020.10.24 19:06:02 WARN  no build target for: /root/ScalaFP_Coursera/week2/funsets/src/main/scala/funsets/FunSets.scala
2020.10.24 19:18:07 WARN  no build target for: /root/ScalaFP_Coursera/week2/funsets/src/test/scala/funsets/FunSetSuite.scala
2020.10.24 19:21:01 WARN  no build target for: /root/ScalaFP_Coursera/week2/funsets/src/main/scala/funsets/FunSets.scala
2020.10.24 19:34:57 WARN  no build target for: /root/ScalaFP_Coursera/week2/funsets/src/main/scala/funsets/FunSets.scala
2020.10.24 19:35:43 WARN  no build target for: /root/ScalaFP_Coursera/week2/funsets/src/main/scala/funsets/FunSets.scala
2020.10.24 19:39:21 WARN  no build target for: /root/ScalaFP_Coursera/week2/funsets/src/main/scala/funsets/FunSets.scala
2020.10.24 19:40:08 WARN  no build target for: /root/ScalaFP_Coursera/week2/funsets/src/main/scala/funsets/FunSets.scala
2020.10.24 19:47:44 WARN  no build tool detected in workspace '/root/ScalaFP_Coursera'. The most common cause for this problem is that the editor was opened in the wrong working directory, for example if you use sbt then the workspace directory should contain build.sbt. 
2020.10.24 19:48:39 WARN  no build target for: /root/ScalaFP_Coursera/week2/funsets/src/main/scala/funsets/FunSets.scala
2020.10.24 19:49:50 WARN  no build tool detected in workspace '/root/ScalaFP_Coursera'. The most common cause for this problem is that the editor was opened in the wrong working directory, for example if you use sbt then the workspace directory should contain build.sbt. 
2020.10.24 19:49:50 WARN  no build target for: /root/ScalaFP_Coursera/week2/funsets/src/main/scala/funsets/FunSets.scala
2020.10.24 19:50:51 WARN  no build target for: /root/ScalaFP_Coursera/week2/funsets/src/test/scala/funsets/FunSetSuite.scala
2020.10.24 19:51:00 WARN  no build target for: /root/ScalaFP_Coursera/week2/funsets/src/test/scala/funsets/FunSetSuite.scala
2020.10.24 19:51:27 WARN  no build target for: /root/ScalaFP_Coursera/week2/funsets/src/test/scala/funsets/FunSetSuite.scala
2020.10.24 19:51:57 WARN  no build target for: /root/ScalaFP_Coursera/week2/funsets/src/test/scala/funsets/FunSetSuite.scala
2020.10.24 19:52:14 WARN  no build target for: /root/ScalaFP_Coursera/week2/funsets/src/test/scala/funsets/FunSetSuite.scala
2020.10.24 19:52:33 WARN  no build target for: /root/ScalaFP_Coursera/week2/funsets/src/test/scala/funsets/FunSetSuite.scala
2020.10.24 19:53:07 WARN  no build target for: /root/ScalaFP_Coursera/week2/funsets/src/main/scala/funsets/FunSets.scala
2020.10.24 20:24:55 WARN  no build target for: /root/ScalaFP_Coursera/week2/funsets/src/main/scala/funsets/FunSets.scala
2020.10.24 20:24:58 WARN  no build target for: /root/ScalaFP_Coursera/week2/funsets/src/main/scala/funsets/FunSets.scala
2020.10.24 20:25:12 WARN  no build target for: /root/ScalaFP_Coursera/week2/funsets/src/test/scala/funsets/FunSetSuite.scala
2020.10.24 20:25:33 WARN  no build target for: /root/ScalaFP_Coursera/week2/funsets/src/test/scala/funsets/FunSetSuite.scala
2020.10.24 20:25:42 WARN  no build target for: /root/ScalaFP_Coursera/week2/funsets/src/test/scala/funsets/FunSetSuite.scala
2020.10.24 21:45:13 WARN  no build target for: /root/ScalaFP_Coursera/week2/funsets/src/test/scala/funsets/FunSetSuite.scala
2020.10.24 21:45:39 WARN  no build target for: /root/ScalaFP_Coursera/week2/funsets/src/test/scala/funsets/FunSetSuite.scala
2020.10.24 21:45:41 WARN  no build tool detected in workspace '/root/ScalaFP_Coursera'. The most common cause for this problem is that the editor was opened in the wrong working directory, for example if you use sbt then the workspace directory should contain build.sbt. 
2020.10.24 21:46:19 WARN  no build target for: /root/ScalaFP_Coursera/week2/funsets/src/test/scala/funsets/FunSetSuite.scala
2020.10.24 21:47:54 WARN  no build target for: /root/ScalaFP_Coursera/week2/funsets/src/main/scala/funsets/FunSets.scala
2020.10.24 21:49:37 WARN  no build target for: /root/ScalaFP_Coursera/week2/funsets/src/test/scala/funsets/FunSetSuite.scala
2020.10.25 20:30:58 WARN  no build target for: /root/ScalaFP_Coursera/week3/test3.scala
2020.10.25 20:31:13 WARN  no build target for: /root/ScalaFP_Coursera/week3/test3.scala
2020.10.25 20:31:24 WARN  no build target for: /root/ScalaFP_Coursera/week3/test3.scala
2020.10.25 20:31:57 WARN  no build target for: /root/ScalaFP_Coursera/week3/test3.scala
2020.10.25 20:34:36 WARN  no build target for: /root/ScalaFP_Coursera/week3/test3.scala
2020.10.25 20:35:40 WARN  no build target for: /root/ScalaFP_Coursera/week3/test3.sc
2020.10.25 20:35:53 INFO  tracing is disabled for protocol BSP, to enable tracing of incoming and outgoing JSON messages create an empty file at /root/.cache/metals/bsp.trace.json
2020.10.25 20:35:54 INFO  Ammonite: Starting BSP server
2020.10.25 20:35:54 INFO  Ammonite: 

2020.10.25 20:35:53 INFO  Connected to Ammonite Build server v2.2.0-4-4bd225e
2020.10.25 20:35:58 INFO  time: indexed workspace in 2.59s
2020.10.25 20:36:03 INFO  compiling week3/test3.sc
2020.10.25 20:36:05 WARN  no build tool detected in workspace '/root/ScalaFP_Coursera'. The most common cause for this problem is that the editor was opened in the wrong working directory, for example if you use sbt then the workspace directory should contain build.sbt. 
2020.10.25 20:36:05 INFO  time: compiled test3.sc in 2.11s
2020.10.25 20:36:15 INFO  compiling week3/test3.sc
2020.10.25 20:36:15 INFO  Ammonite: Error: /root/ScalaFP_Coursera/.ammonite/scala-2.12.12/amm-2.2.0-4-4bd225e/week3/test3/target/META-INF/semanticdb/ammonite/$file/week3/test3_0.scala.semanticdb not found (for /root/ScalaFP_Coursera/.ammonite/scala-2.12.12/amm-2.2.0-4-4bd225e/week3/test3/target/META-INF/semanticdb/week3/test3.sc.semanticdb)

2020.10.25 20:36:15 INFO  time: compiled test3.sc in 94ms
2020.10.25 20:37:08 WARN  no build target for: /root/ScalaFP_Coursera/week3/test3.scala
2020.10.25 20:37:21 WARN  no build target for: /root/ScalaFP_Coursera/week3/test3.scala
2020.10.25 20:37:59 WARN  no build target for: /root/ScalaFP_Coursera/week3/test3.scala
2020.10.25 20:38:28 WARN  no build target for: /root/ScalaFP_Coursera/week3/test3.scala
2020.10.25 20:38:45 WARN  no build target for: /root/ScalaFP_Coursera/week3/test3.scala
2020.10.25 20:38:55 WARN  no build target for: /root/ScalaFP_Coursera/week3/test3.scala
2020.10.25 20:39:30 WARN  no build target for: /root/ScalaFP_Coursera/week3/test3.scala
2020.10.25 20:39:48 WARN  no build target for: /root/ScalaFP_Coursera/week3/test3.scala
2020.10.25 20:39:50 WARN  no build target for: /root/ScalaFP_Coursera/week3/test3.scala
2020.10.25 20:44:28 WARN  no build tool detected in workspace '/root/ScalaFP_Coursera'. The most common cause for this problem is that the editor was opened in the wrong working directory, for example if you use sbt then the workspace directory should contain build.sbt. 
2020.10.25 20:44:28 WARN  no build target for: /root/ScalaFP_Coursera/week3/test3.scala
2020.10.25 20:44:28 WARN  no build tool detected in workspace '/root/ScalaFP_Coursera'. The most common cause for this problem is that the editor was opened in the wrong working directory, for example if you use sbt then the workspace directory should contain build.sbt. 
2020.10.25 21:43:42 WARN  no build target for: /root/ScalaFP_Coursera/week3/test3.scala
2020.10.25 21:43:45 WARN  no build target for: /root/ScalaFP_Coursera/week3/test3.scala
2020.10.25 21:43:47 WARN  no build target for: /root/ScalaFP_Coursera/week3/test3.scala
2020.10.25 21:47:53 WARN  no build target for: /root/ScalaFP_Coursera/week3/test3.scala
2020.10.25 21:49:33 WARN  no build tool detected in workspace '/root/ScalaFP_Coursera'. The most common cause for this problem is that the editor was opened in the wrong working directory, for example if you use sbt then the workspace directory should contain build.sbt. 
2020.10.25 21:49:33 WARN  no build target for: /root/ScalaFP_Coursera/week3/test3.scala
2020.10.25 21:50:15 WARN  no build target for: /root/ScalaFP_Coursera/week3/test3.scala
2020.10.25 21:50:56 WARN  no build target for: /root/ScalaFP_Coursera/week3/test3.scala
2020.10.25 21:51:04 WARN  no build target for: /root/ScalaFP_Coursera/week3/test3.scala
2020.10.25 21:51:08 WARN  no build target for: /root/ScalaFP_Coursera/week3/test3.scala
2020.10.25 21:51:15 WARN  no build tool detected in workspace '/root/ScalaFP_Coursera'. The most common cause for this problem is that the editor was opened in the wrong working directory, for example if you use sbt then the workspace directory should contain build.sbt. 
2020.10.25 21:51:30 WARN  no build target for: /root/ScalaFP_Coursera/week3/test3.scala
2020.10.25 21:52:26 WARN  no build target for: /root/ScalaFP_Coursera/week3/test3.scala
2020.10.29 01:45:29 WARN  no build target for: /root/ScalaFP_Coursera/week3/test3.scala
2020.10.29 01:46:46 WARN  no build tool detected in workspace '/root/ScalaFP_Coursera'. The most common cause for this problem is that the editor was opened in the wrong working directory, for example if you use sbt then the workspace directory should contain build.sbt. 
2020.10.29 01:46:46 WARN  no build target for: /root/ScalaFP_Coursera/week3/test3.scala
2020.10.29 01:50:24 WARN  no build target for: /root/ScalaFP_Coursera/week3/test3.scala
2020.10.29 01:51:27 WARN  no build tool detected in workspace '/root/ScalaFP_Coursera'. The most common cause for this problem is that the editor was opened in the wrong working directory, for example if you use sbt then the workspace directory should contain build.sbt. 
2020.10.29 01:57:45 WARN  no build target for: /root/ScalaFP_Coursera/week3/test3.scala
2020.10.29 01:59:45 WARN  no build tool detected in workspace '/root/ScalaFP_Coursera'. The most common cause for this problem is that the editor was opened in the wrong working directory, for example if you use sbt then the workspace directory should contain build.sbt. 
2020.10.29 02:00:45 WARN  no build target for: /root/ScalaFP_Coursera/week3/test3.scala
2020.10.29 02:01:25 WARN  no build target for: /root/ScalaFP_Coursera/week3/test3.scala
2020.10.29 02:07:01 WARN  no build tool detected in workspace '/root/ScalaFP_Coursera'. The most common cause for this problem is that the editor was opened in the wrong working directory, for example if you use sbt then the workspace directory should contain build.sbt. 
2020.10.29 02:07:01 WARN  no build target for: /root/ScalaFP_Coursera/week3/test3.scala
2020.10.29 02:07:03 WARN  no build tool detected in workspace '/root/ScalaFP_Coursera'. The most common cause for this problem is that the editor was opened in the wrong working directory, for example if you use sbt then the workspace directory should contain build.sbt. 
2020.10.29 02:07:13 WARN  no build tool detected in workspace '/root/ScalaFP_Coursera'. The most common cause for this problem is that the editor was opened in the wrong working directory, for example if you use sbt then the workspace directory should contain build.sbt. 
2020.10.29 02:07:22 WARN  no build target for: /root/ScalaFP_Coursera/week3/test3.scala
2020.10.29 02:07:22 WARN  no build tool detected in workspace '/root/ScalaFP_Coursera'. The most common cause for this problem is that the editor was opened in the wrong working directory, for example if you use sbt then the workspace directory should contain build.sbt. 
2020.10.29 02:07:28 WARN  no build tool detected in workspace '/root/ScalaFP_Coursera'. The most common cause for this problem is that the editor was opened in the wrong working directory, for example if you use sbt then the workspace directory should contain build.sbt. 
2020.10.29 02:07:38 WARN  no build tool detected in workspace '/root/ScalaFP_Coursera'. The most common cause for this problem is that the editor was opened in the wrong working directory, for example if you use sbt then the workspace directory should contain build.sbt. 
2020.10.29 02:07:58 WARN  no build target for: /root/ScalaFP_Coursera/week3/test3.scala
2020.10.29 02:08:23 WARN  no build target for: /root/ScalaFP_Coursera/week3/test3.scala
2020.10.29 02:08:58 WARN  no build tool detected in workspace '/root/ScalaFP_Coursera'. The most common cause for this problem is that the editor was opened in the wrong working directory, for example if you use sbt then the workspace directory should contain build.sbt. 
2020.10.29 02:09:33 WARN  no build target for: /root/ScalaFP_Coursera/week3/test3.scala
2020.10.29 02:10:01 WARN  no build target for: /root/ScalaFP_Coursera/week3/test3.scala
2020.10.29 02:10:11 WARN  no build target for: /root/ScalaFP_Coursera/week2/test.scala
2020.10.29 02:10:20 WARN  no build tool detected in workspace '/root/ScalaFP_Coursera'. The most common cause for this problem is that the editor was opened in the wrong working directory, for example if you use sbt then the workspace directory should contain build.sbt. 
2020.10.29 02:10:44 WARN  no build target for: /root/ScalaFP_Coursera/week3/test3.scala
2020.10.29 02:14:06 WARN  no build tool detected in workspace '/root/ScalaFP_Coursera'. The most common cause for this problem is that the editor was opened in the wrong working directory, for example if you use sbt then the workspace directory should contain build.sbt. 
2020.10.29 02:14:09 WARN  no build target for: /root/ScalaFP_Coursera/week3/test3.scala
2020.10.29 02:14:32 WARN  no build tool detected in workspace '/root/ScalaFP_Coursera'. The most common cause for this problem is that the editor was opened in the wrong working directory, for example if you use sbt then the workspace directory should contain build.sbt. 
2020.10.29 02:14:33 WARN  no build tool detected in workspace '/root/ScalaFP_Coursera'. The most common cause for this problem is that the editor was opened in the wrong working directory, for example if you use sbt then the workspace directory should contain build.sbt. 
2020.10.29 02:14:44 WARN  no build tool detected in workspace '/root/ScalaFP_Coursera'. The most common cause for this problem is that the editor was opened in the wrong working directory, for example if you use sbt then the workspace directory should contain build.sbt. 
2020.10.29 02:14:44 WARN  no build tool detected in workspace '/root/ScalaFP_Coursera'. The most common cause for this problem is that the editor was opened in the wrong working directory, for example if you use sbt then the workspace directory should contain build.sbt. 
2020.10.29 02:14:59 WARN  no build tool detected in workspace '/root/ScalaFP_Coursera'. The most common cause for this problem is that the editor was opened in the wrong working directory, for example if you use sbt then the workspace directory should contain build.sbt. 
2020.10.29 02:15:17 WARN  no build target for: /root/ScalaFP_Coursera/week3/test3.scala
2020.10.29 02:30:50 WARN  no build target for: /root/ScalaFP_Coursera/week3/test3_1.sc
2020.10.29 02:30:50 WARN  no build target for: /root/ScalaFP_Coursera/week3/test3_1.sc
2020.10.29 02:30:59 INFO  disconnected: ammonite build server
2020.10.29 02:31:00 INFO  tracing is disabled for protocol BSP, to enable tracing of incoming and outgoing JSON messages create an empty file at /root/.cache/metals/bsp.trace.json
2020.10.29 02:31:01 INFO  Ammonite: Starting BSP server

2020.10.29 02:31:00 INFO  Connected to Ammonite Build server v2.2.0-4-4bd225e
2020.10.29 02:31:01 ERROR timeout: build server 'Ammonite' during shutdown
2020.10.29 02:31:02 INFO  time: indexed workspace in 0.16s
2020.10.29 02:31:03 INFO  compiling week3/test3_1.sc
2020.10.29 02:31:05 INFO  time: compiled test3_1.sc in 2.04s
2020.10.29 02:31:23 INFO  compiling week3/test3_1.sc
2020.10.29 02:31:24 INFO  time: compiled test3_1.sc in 1.26s
2020.10.29 02:38:58 WARN  no build target for: /root/ScalaFP_Coursera/week3/Hello.scala
2020.10.29 02:38:58 WARN  no build target for: /root/ScalaFP_Coursera/week3/Hello.scala
2020.10.29 02:39:06 WARN  no build target for: /root/ScalaFP_Coursera/week3/Hello.scala
Oct 29, 2020 2:39:53 AM org.eclipse.lsp4j.jsonrpc.services.GenericEndpoint notify
INFO: Unsupported notification method: $/setTraceNotification
2020.10.30 01:12:49 WARN  no build target for: /root/ScalaFP_Coursera/week3/test3.scala
2020.10.30 01:13:54 WARN  no build tool detected in workspace '/root/ScalaFP_Coursera'. The most common cause for this problem is that the editor was opened in the wrong working directory, for example if you use sbt then the workspace directory should contain build.sbt. 
2020.10.30 01:13:59 WARN  no build target for: /root/ScalaFP_Coursera/week3/test3.scala
2020.10.30 01:14:09 WARN  no build target for: /root/ScalaFP_Coursera/week3/test3.scala
2020.10.30 01:14:26 WARN  no build tool detected in workspace '/root/ScalaFP_Coursera'. The most common cause for this problem is that the editor was opened in the wrong working directory, for example if you use sbt then the workspace directory should contain build.sbt. 
2020.10.30 01:14:32 WARN  no build tool detected in workspace '/root/ScalaFP_Coursera'. The most common cause for this problem is that the editor was opened in the wrong working directory, for example if you use sbt then the workspace directory should contain build.sbt. 
2020.10.30 01:14:37 WARN  no build tool detected in workspace '/root/ScalaFP_Coursera'. The most common cause for this problem is that the editor was opened in the wrong working directory, for example if you use sbt then the workspace directory should contain build.sbt. 
2020.10.30 01:14:51 WARN  no build tool detected in workspace '/root/ScalaFP_Coursera'. The most common cause for this problem is that the editor was opened in the wrong working directory, for example if you use sbt then the workspace directory should contain build.sbt. 
2020.10.30 02:53:12 WARN  no build target for: /root/ScalaFP_Coursera/week3/test3_1.scala
2020.10.30 02:53:12 WARN  no build target for: /root/ScalaFP_Coursera/week3/test3_1.scala
something's wrong: no file:///root/ScalaFP_Coursera/week3/test3_1.scala in week4.List[<error>]RangePosition(file:///root/ScalaFP_Coursera/week3/test3_1.scala, 217, 217, 231)
something's wrong: no file:///root/ScalaFP_Coursera/week3/test3_1.scala in week4.List[T]RangePosition(file:///root/ScalaFP_Coursera/week3/test3_1.scala, 217, 217, 224)
something's wrong: no file:///root/ScalaFP_Coursera/week3/test3_1.scala in week4.List[<error>]RangePosition(file:///root/ScalaFP_Coursera/week3/test3_1.scala, 234, 234, 248)
something's wrong: no file:///root/ScalaFP_Coursera/week3/test3_1.scala in week4.List[T]RangePosition(file:///root/ScalaFP_Coursera/week3/test3_1.scala, 217, 217, 224)
2020.10.30 02:56:17 WARN  no build tool detected in workspace '/root/ScalaFP_Coursera'. The most common cause for this problem is that the editor was opened in the wrong working directory, for example if you use sbt then the workspace directory should contain build.sbt. 
Oct 30, 2020 2:57:22 AM org.eclipse.lsp4j.jsonrpc.RemoteEndpoint handleCancellation
WARNING: Unmatched cancel notification for request id 9989
2020.10.30 02:57:58 WARN  no build tool detected in workspace '/root/ScalaFP_Coursera'. The most common cause for this problem is that the editor was opened in the wrong working directory, for example if you use sbt then the workspace directory should contain build.sbt. 
something's wrong: no file:///root/ScalaFP_Coursera/week3/test3_1.scala in week4.List[<error>]RangePosition(file:///root/ScalaFP_Coursera/week3/test3_1.scala, 729, 729, 743)
2020.10.30 03:00:05 WARN  no build target for: /root/ScalaFP_Coursera/week3/test3_1.scala
2020.10.30 03:00:22 WARN  no build target for: /root/ScalaFP_Coursera/week3/test3_1.scala
2020.10.30 03:00:34 WARN  no build tool detected in workspace '/root/ScalaFP_Coursera'. The most common cause for this problem is that the editor was opened in the wrong working directory, for example if you use sbt then the workspace directory should contain build.sbt. 
2020.10.30 03:00:41 WARN  no build target for: /root/ScalaFP_Coursera/week3/test3_1.scala
2020.10.30 03:01:52 WARN  no build target for: /root/ScalaFP_Coursera/week3/test3_1.scala
2020.10.30 03:47:50 WARN  no build target for: /root/ScalaFP_Coursera/week3/test3_1.scala
2020.10.30 03:48:19 WARN  no build target for: /root/ScalaFP_Coursera/week3/test3_1.scala
2020.10.30 03:48:40 WARN  no build target for: /root/ScalaFP_Coursera/week3/Hello.scala
2020.10.30 03:49:07 WARN  no build target for: /root/ScalaFP_Coursera/week3/test3_1.scala
2020.10.30 03:50:09 WARN  no build target for: /root/ScalaFP_Coursera/week3/test3_1.scala
2020.10.30 03:50:29 WARN  no build target for: /root/ScalaFP_Coursera/week3/test3_1.scala
2020.10.30 03:50:44 WARN  no build target for: /root/ScalaFP_Coursera/week3/test3_2.scala
2020.10.30 03:50:44 WARN  no build target for: /root/ScalaFP_Coursera/week3/test3_2.scala
2020.10.30 03:50:46 WARN  no build target for: /root/ScalaFP_Coursera/week3/test3_2.scala
2020.10.30 03:52:03 WARN  no build target for: /root/ScalaFP_Coursera/week3/test3_1.scala
2020.10.30 03:52:30 WARN  no build tool detected in workspace '/root/ScalaFP_Coursera'. The most common cause for this problem is that the editor was opened in the wrong working directory, for example if you use sbt then the workspace directory should contain build.sbt. 
Oct 30, 2020 3:52:30 AM scala.meta.internal.pc.CompilerAccess retryWithCleanCompiler
INFO: compiler crashed due to an error in the Scala compiler, retrying with new compiler instance.
Oct 30, 2020 3:52:30 AM scala.meta.internal.pc.CompilerAccess handleError
SEVERE: no context found for source-file:///root/ScalaFP_Coursera/week3/test3_2.scala,line-8,offset=213
scala.reflect.internal.FatalError: no context found for source-file:///root/ScalaFP_Coursera/week3/test3_2.scala,line-8,offset=213
	at scala.tools.nsc.interactive.CompilerControl.$anonfun$doLocateContext$1(CompilerControl.scala:100)
	at scala.tools.nsc.interactive.CompilerControl.doLocateContext(CompilerControl.scala:100)
	at scala.tools.nsc.interactive.CompilerControl.doLocateContext$(CompilerControl.scala:99)
	at scala.tools.nsc.interactive.Global.doLocateContext(Global.scala:113)
	at scala.meta.internal.pc.PcDefinitionProvider.definitionTypedTreeAt(PcDefinitionProvider.scala:102)
	at scala.meta.internal.pc.PcDefinitionProvider.definition(PcDefinitionProvider.scala:24)

2020.10.30 03:52:47 WARN  no build target for: /root/ScalaFP_Coursera/week3/test3_1.scala
2020.10.30 03:56:02 WARN  no build target for: /root/ScalaFP_Coursera/week3/test3_1.scala
2020.10.30 03:56:10 WARN  no build target for: /root/ScalaFP_Coursera/week3/test3_1.scala
2020.10.30 22:43:21 WARN  no build target for: /root/ScalaFP_Coursera/week3/test3_1.scala
2020.10.30 22:43:44 WARN  no build target for: /root/ScalaFP_Coursera/week2/test.scala
2020.10.30 22:44:03 WARN  no build target for: /root/ScalaFP_Coursera/week3/test3_1.scala
2020.10.31 00:43:55 WARN  no build target for: /root/ScalaFP_Coursera/week3/test3.scala
2020.10.31 00:43:58 WARN  no build target for: /root/ScalaFP_Coursera/week3/test3_1.scala
2020.10.31 14:50:59 WARN  no build target for: /root/ScalaFP_Coursera/week4/test4.scala
2020.10.31 14:51:45 WARN  no build target for: /root/ScalaFP_Coursera/week4/test4.scala
2020.10.31 14:52:24 WARN  no build target for: /root/ScalaFP_Coursera/week4/test4.scala
2020.10.31 14:52:55 WARN  no build target for: /root/ScalaFP_Coursera/week4/test4.scala
2020.10.31 14:53:59 WARN  no build target for: /root/ScalaFP_Coursera/week4/test4.scala
2020.10.31 14:54:31 WARN  no build target for: /root/ScalaFP_Coursera/week4/test4.scala
2020.10.31 14:55:11 WARN  no build target for: /root/ScalaFP_Coursera/week4/test4.scala
2020.10.31 14:57:41 WARN  no build target for: /root/ScalaFP_Coursera/week4/test4.scala
2020.10.31 15:00:09 WARN  no build target for: /root/ScalaFP_Coursera/week3/test3_1.scala
2020.10.31 15:02:18 WARN  no build tool detected in workspace '/root/ScalaFP_Coursera'. The most common cause for this problem is that the editor was opened in the wrong working directory, for example if you use sbt then the workspace directory should contain build.sbt. 
2020.10.31 15:07:03 WARN  no build target for: /root/ScalaFP_Coursera/week4/test4.scala
2020.10.31 15:07:05 WARN  no build target for: /root/ScalaFP_Coursera/week4/test4.scala
Oct 31, 2020 3:10:16 PM scala.meta.internal.pc.CompilerAccess retryWithCleanCompiler
INFO: compiler crashed due to an error in the Scala compiler, retrying with new compiler instance.
Oct 31, 2020 3:10:16 PM scala.meta.internal.pc.CompilerAccess handleError
SEVERE: assertion failed: bad position: [1422:1414]
java.lang.AssertionError: assertion failed: bad position: [1422:1414]
	at scala.reflect.internal.util.Position$.validate(Position.scala:41)
	at scala.reflect.internal.util.Position$.range(Position.scala:58)
	at scala.reflect.internal.util.InternalPositionImpl.copyRange(Position.scala:218)
	at scala.reflect.internal.util.InternalPositionImpl.withStart(Position.scala:133)
	at scala.reflect.internal.util.InternalPositionImpl.withStart$(Position.scala:133)
	at scala.reflect.internal.util.Position.withStart(Position.scala:19)
	at scala.meta.internal.pc.CompletionProvider.editRange$lzycompute$1(CompletionProvider.scala:364)
	at scala.meta.internal.pc.CompletionProvider.editRange$2(CompletionProvider.scala:363)
	at scala.meta.internal.pc.CompletionProvider.safeCompletionsAt(CompletionProvider.scala:442)
	at scala.meta.internal.pc.CompletionProvider.completions(CompletionProvider.scala:57)

Oct 31, 2020 3:10:17 PM scala.meta.internal.pc.CompilerAccess retryWithCleanCompiler
INFO: compiler crashed due to an error in the Scala compiler, retrying with new compiler instance.
Oct 31, 2020 3:10:17 PM scala.meta.internal.pc.CompilerAccess handleError
SEVERE: assertion failed: bad position: [1426:1418]
java.lang.AssertionError: assertion failed: bad position: [1426:1418]
	at scala.reflect.internal.util.Position$.validate(Position.scala:41)
	at scala.reflect.internal.util.Position$.range(Position.scala:58)
	at scala.reflect.internal.util.InternalPositionImpl.copyRange(Position.scala:218)
	at scala.reflect.internal.util.InternalPositionImpl.withStart(Position.scala:133)
	at scala.reflect.internal.util.InternalPositionImpl.withStart$(Position.scala:133)
	at scala.reflect.internal.util.Position.withStart(Position.scala:19)
	at scala.meta.internal.pc.CompletionProvider.editRange$lzycompute$1(CompletionProvider.scala:364)
	at scala.meta.internal.pc.CompletionProvider.editRange$2(CompletionProvider.scala:363)
	at scala.meta.internal.pc.CompletionProvider.safeCompletionsAt(CompletionProvider.scala:442)
	at scala.meta.internal.pc.CompletionProvider.completions(CompletionProvider.scala:57)

Oct 31, 2020 3:10:21 PM scala.meta.internal.pc.CompilerAccess retryWithCleanCompiler
INFO: compiler crashed due to an error in the Scala compiler, retrying with new compiler instance.
Oct 31, 2020 3:10:21 PM scala.meta.internal.pc.CompilerAccess handleError
SEVERE: assertion failed: bad position: [1430:1421]
java.lang.AssertionError: assertion failed: bad position: [1430:1421]
	at scala.reflect.internal.util.Position$.validate(Position.scala:41)
	at scala.reflect.internal.util.Position$.range(Position.scala:58)
	at scala.reflect.internal.util.InternalPositionImpl.copyRange(Position.scala:218)
	at scala.reflect.internal.util.InternalPositionImpl.withStart(Position.scala:133)
	at scala.reflect.internal.util.InternalPositionImpl.withStart$(Position.scala:133)
	at scala.reflect.internal.util.Position.withStart(Position.scala:19)
	at scala.meta.internal.pc.CompletionProvider.editRange$lzycompute$1(CompletionProvider.scala:364)
	at scala.meta.internal.pc.CompletionProvider.editRange$2(CompletionProvider.scala:363)
	at scala.meta.internal.pc.CompletionProvider.expected$1(CompletionProvider.scala:372)
	at scala.meta.internal.pc.CompletionProvider.safeCompletionsAt(CompletionProvider.scala:468)
	at scala.meta.internal.pc.CompletionProvider.completions(CompletionProvider.scala:57)

2020.10.31 15:12:53 WARN  no build target for: /root/ScalaFP_Coursera/week4/test4.scala
Oct 31, 2020 3:14:57 PM org.eclipse.lsp4j.jsonrpc.RemoteEndpoint handleCancellation
WARNING: Unmatched cancel notification for request id 12686
2020.10.31 15:15:54 WARN  no build target for: /root/ScalaFP_Coursera/week2/test.scala
2020.10.31 15:15:56 WARN  no build tool detected in workspace '/root/ScalaFP_Coursera'. The most common cause for this problem is that the editor was opened in the wrong working directory, for example if you use sbt then the workspace directory should contain build.sbt. 
2020.10.31 15:17:28 WARN  no build target for: /root/ScalaFP_Coursera/week4/test4.scala
2020.10.31 15:18:07 WARN  no build target for: /root/ScalaFP_Coursera/week4/test4.scala
2020.10.31 15:18:10 WARN  no build target for: /root/ScalaFP_Coursera/week4/test4.scala
2020.10.31 15:18:34 WARN  no build target for: /root/ScalaFP_Coursera/week4/test4.scala
2020.10.31 15:19:45 WARN  no build target for: /root/ScalaFP_Coursera/week4/test4.scala
2020.10.31 15:22:13 WARN  no build target for: /root/ScalaFP_Coursera/week4/test4.scala
2020.10.31 15:22:49 WARN  no build target for: /root/ScalaFP_Coursera/week4/test4.scala
2020.10.31 15:22:53 WARN  no build target for: /root/ScalaFP_Coursera/week4/test4.scala
2020.10.31 15:23:13 WARN  no build target for: /root/ScalaFP_Coursera/week4/test4.scala
2020.10.31 15:23:55 WARN  no build target for: /root/ScalaFP_Coursera/week4/test4.scala
2020.10.31 15:24:06 WARN  no build target for: /root/ScalaFP_Coursera/week4/test4_1.scala
2020.10.31 15:24:10 WARN  no build target for: /root/ScalaFP_Coursera/week4/test4_1.scala
2020.10.31 15:24:19 WARN  no build target for: /root/ScalaFP_Coursera/week4/test4_1.scala
2020.10.31 15:24:21 WARN  no build target for: /root/ScalaFP_Coursera/week4/test4_1.scala
2020.10.31 15:36:57 WARN  no build target for: /root/ScalaFP_Coursera/week4/test4_1.scala
2020.10.31 15:37:01 WARN  no build target for: /root/ScalaFP_Coursera/week4/test4_1.scala
2020.10.31 15:38:25 WARN  no build target for: /root/ScalaFP_Coursera/week4/test4_1.scala
Oct 31, 2020 3:39:13 PM org.eclipse.lsp4j.jsonrpc.RemoteEndpoint handleCancellation
WARNING: Unmatched cancel notification for request id 13583
2020.10.31 15:40:53 WARN  no build target for: /root/ScalaFP_Coursera/week4/test4_1.scala
2020.10.31 15:41:03 WARN  no build target for: /root/ScalaFP_Coursera/week4/test4_1.scala
2020.10.31 15:43:33 WARN  no build target for: /root/ScalaFP_Coursera/week4/test4_1.scala
2020.10.31 15:45:02 WARN  no build target for: /root/ScalaFP_Coursera/week4/test4_1.scala
2020.10.31 15:45:07 WARN  no build target for: /root/ScalaFP_Coursera/week4/test4_1.scala
2020.10.31 15:45:14 WARN  no build target for: /root/ScalaFP_Coursera/week4/test4_1.scala
2020.10.31 15:45:19 WARN  no build target for: /root/ScalaFP_Coursera/week4/test4_1.scala
2020.10.31 15:51:49 WARN  no build target for: /root/ScalaFP_Coursera/week3/test3_1.scala
2020.10.31 15:54:54 WARN  no build target for: /root/ScalaFP_Coursera/week3/test3_1.scala
2020.10.31 15:57:05 WARN  no build target for: /root/ScalaFP_Coursera/week3/test3_1.scala
something's wrong: no file:///root/ScalaFP_Coursera/week3/test3_1.scala in week4.List[T]RangePosition(file:///root/ScalaFP_Coursera/week3/test3_1.scala, 291, 291, 298)
2020.10.31 15:57:50 WARN  no build target for: /root/ScalaFP_Coursera/week3/test3_1.scala
2020.10.31 15:58:48 WARN  no build target for: /root/ScalaFP_Coursera/week3/test3_1.scala
2020.10.31 15:59:14 WARN  no build target for: /root/ScalaFP_Coursera/week3/test3_1.scala
2020.10.31 16:15:15 WARN  no build target for: /root/ScalaFP_Coursera/week3/test3_1.scala
2020.10.31 16:15:34 WARN  no build tool detected in workspace '/root/ScalaFP_Coursera'. The most common cause for this problem is that the editor was opened in the wrong working directory, for example if you use sbt then the workspace directory should contain build.sbt. 
something's wrong: no file:///root/ScalaFP_Coursera/week3/test3_1.scala in week4.List[<error>]RangePosition(file:///root/ScalaFP_Coursera/week3/test3_1.scala, 782, 782, 796)
2020.10.31 16:16:21 WARN  no build target for: /root/ScalaFP_Coursera/week3/test3_1.scala
2020.10.31 16:17:16 WARN  no build target for: /root/ScalaFP_Coursera/week3/test3_1.scala
2020.10.31 16:17:31 WARN  no build target for: /root/ScalaFP_Coursera/week3/test3_1.scala
something's wrong: no file:///root/ScalaFP_Coursera/week3/test3_1.scala in week4.List[T]RangePosition(file:///root/ScalaFP_Coursera/week3/test3_1.scala, 286, 286, 293)
2020.10.31 16:19:31 WARN  no build target for: /root/ScalaFP_Coursera/week3/test3_1.scala
2020.10.31 16:19:56 WARN  no build target for: /root/ScalaFP_Coursera/week3/test3_1.scala
2020.10.31 16:20:03 WARN  no build target for: /root/ScalaFP_Coursera/week3/test3_1.scala
2020.10.31 16:20:11 WARN  no build target for: /root/ScalaFP_Coursera/week3/test3_1.scala
2020.10.31 16:23:42 WARN  no build target for: /root/ScalaFP_Coursera/week3/test3_2.scala
2020.10.31 16:24:01 WARN  no build target for: /root/ScalaFP_Coursera/week3/test3_2.scala
2020.10.31 16:24:21 WARN  no build target for: /root/ScalaFP_Coursera/week3/test3_1.scala
2020.10.31 16:24:31 WARN  no build target for: /root/ScalaFP_Coursera/week3/test3_1.scala
2020.10.31 16:24:37 WARN  no build target for: /root/ScalaFP_Coursera/week3/test3_1.scala
2020.10.31 16:24:50 WARN  no build target for: /root/ScalaFP_Coursera/week3/test3_2.scala
2020.10.31 16:25:01 WARN  no build tool detected in workspace '/root/ScalaFP_Coursera'. The most common cause for this problem is that the editor was opened in the wrong working directory, for example if you use sbt then the workspace directory should contain build.sbt. 
2020.10.31 16:25:03 WARN  no build target for: /root/ScalaFP_Coursera/week3/test3_2.scala
something's wrong: no file:///root/ScalaFP_Coursera/week3/test3_2.scala in week4.List[<error>]RangePosition(file:///root/ScalaFP_Coursera/week3/test3_2.scala, 57, 57, 64)
2020.10.31 16:25:20 WARN  no build target for: /root/ScalaFP_Coursera/week3/test3_2.scala
2020.10.31 16:37:34 WARN  no build target for: /root/ScalaFP_Coursera/week3/test3_2.scala
2020.10.31 16:37:46 WARN  no build target for: /root/ScalaFP_Coursera/week3/test3_2.scala
2020.10.31 16:37:50 WARN  no build target for: /root/ScalaFP_Coursera/week3/Hello.scala
2020.10.31 16:38:04 WARN  no build tool detected in workspace '/root/ScalaFP_Coursera'. The most common cause for this problem is that the editor was opened in the wrong working directory, for example if you use sbt then the workspace directory should contain build.sbt. 
2020.10.31 16:38:04 WARN  no build target for: /root/ScalaFP_Coursera/week3/test3_2.scala
2020.10.31 16:38:09 WARN  no build target for: /root/ScalaFP_Coursera/week3/test3_2.scala
2020.10.31 16:38:47 WARN  no build target for: /root/ScalaFP_Coursera/week3/test3_2.scala
2020.10.31 16:39:07 WARN  no build target for: /root/ScalaFP_Coursera/week3/test3_2.scala
2020.10.31 16:39:18 WARN  no build target for: /root/ScalaFP_Coursera/week3/test3_2.scala
2020.10.31 16:39:27 WARN  no build tool detected in workspace '/root/ScalaFP_Coursera'. The most common cause for this problem is that the editor was opened in the wrong working directory, for example if you use sbt then the workspace directory should contain build.sbt. 
2020.10.31 16:39:28 WARN  no build tool detected in workspace '/root/ScalaFP_Coursera'. The most common cause for this problem is that the editor was opened in the wrong working directory, for example if you use sbt then the workspace directory should contain build.sbt. 
2020.10.31 16:39:28 WARN  no build tool detected in workspace '/root/ScalaFP_Coursera'. The most common cause for this problem is that the editor was opened in the wrong working directory, for example if you use sbt then the workspace directory should contain build.sbt. 
2020.10.31 16:39:28 WARN  no build tool detected in workspace '/root/ScalaFP_Coursera'. The most common cause for this problem is that the editor was opened in the wrong working directory, for example if you use sbt then the workspace directory should contain build.sbt. 
2020.10.31 16:39:28 WARN  no build tool detected in workspace '/root/ScalaFP_Coursera'. The most common cause for this problem is that the editor was opened in the wrong working directory, for example if you use sbt then the workspace directory should contain build.sbt. 
2020.10.31 16:39:29 WARN  no build target for: /root/ScalaFP_Coursera/week3/test3_2.scala
2020.10.31 16:39:38 WARN  no build target for: /root/ScalaFP_Coursera/week3/test3_2.scala
2020.10.31 16:39:52 WARN  no build target for: /root/ScalaFP_Coursera/week3/test3_2.scala
2020.10.31 16:39:58 WARN  no build target for: /root/ScalaFP_Coursera/week3/test3_2.scala
2020.10.31 16:40:35 WARN  no build target for: /root/ScalaFP_Coursera/week3/test3_2.scala
2020.10.31 16:41:53 WARN  no build target for: /root/ScalaFP_Coursera/week3/test3_2.scala
2020.10.31 16:46:26 WARN  no build target for: /root/ScalaFP_Coursera/week3/objsets/src/main/scala/objsets/TweetSet.scala
2020.10.31 16:46:28 WARN  no build target for: /root/ScalaFP_Coursera/week3/objsets/src/main/scala/objsets/TweetReader.scala
2020.10.31 16:46:29 WARN  no build target for: /root/ScalaFP_Coursera/week3/objsets/src/main/scala/objsets/TweetData.scala
2020.10.31 16:46:38 WARN  no build target for: /root/ScalaFP_Coursera/week3/objsets/src/main/scala/objsets/TweetReader.scala
2020.10.31 16:46:43 WARN  no build target for: /root/ScalaFP_Coursera/week3/objsets/src/main/scala/objsets/TweetSet.scala
2020.10.31 16:46:43 WARN  no build target for: /root/ScalaFP_Coursera/week3/objsets/src/main/scala/objsets/TweetSetInterface.scala
2020.10.31 16:46:48 WARN  no build target for: /root/ScalaFP_Coursera/week3/objsets/src/main/scala/objsets/TweetSet.scala
2020.10.31 16:46:58 WARN  no build target for: /root/ScalaFP_Coursera/week3/objsets/src/main/scala/objsets/TweetReader.scala
2020.10.31 16:47:07 WARN  no build target for: /root/ScalaFP_Coursera/week3/objsets/src/main/scala/objsets/TweetData.scala
2020.10.31 16:47:09 WARN  no build target for: /root/ScalaFP_Coursera/week3/objsets/src/main/scala/objsets/TweetSet.scala
2020.10.31 16:47:35 WARN  no build target for: /root/ScalaFP_Coursera/week3/objsets/src/test/scala/objsets/TweetSetSuite.scala
2020.10.31 16:47:47 WARN  no build target for: /root/ScalaFP_Coursera/week3/objsets/src/main/scala/objsets/TweetData.scala
2020.10.31 16:47:48 WARN  no build target for: /root/ScalaFP_Coursera/week3/objsets/src/main/scala/objsets/TweetSet.scala
2020.10.31 16:52:54 WARN  no build target for: /root/ScalaFP_Coursera/week3/test3.scala
2020.10.31 16:52:57 WARN  no build target for: /root/ScalaFP_Coursera/week3/objsets/src/main/scala/objsets/TweetSet.scala
2020.10.31 16:53:08 WARN  no build target for: /root/ScalaFP_Coursera/week3/Hello.scala
2020.10.31 16:53:09 WARN  no build target for: /root/ScalaFP_Coursera/week3/test3.scala
2020.10.31 16:53:13 WARN  no build target for: /root/ScalaFP_Coursera/week3/test3_1.scala
2020.10.31 16:53:21 WARN  no build target for: /root/ScalaFP_Coursera/week3/test3_2.scala
2020.10.31 16:53:22 WARN  no build target for: /root/ScalaFP_Coursera/week3/test3.scala
2020.10.31 16:53:35 WARN  no build target for: /root/ScalaFP_Coursera/week3/objsets/src/main/scala/objsets/TweetSet.scala
2020.10.31 21:35:43 WARN  no build target for: /root/ScalaFP_Coursera/week3/objsets/src/main/scala/objsets/TweetSetInterface.scala
2020.10.31 21:36:42 WARN  no build tool detected in workspace '/root/ScalaFP_Coursera'. The most common cause for this problem is that the editor was opened in the wrong working directory, for example if you use sbt then the workspace directory should contain build.sbt. 
2020.10.31 21:36:58 WARN  no build target for: /root/ScalaFP_Coursera/week3/test3.scala
2020.10.31 21:37:20 WARN  no build target for: /root/ScalaFP_Coursera/week2/test.scala
2020.10.31 21:37:34 WARN  no build target for: /root/ScalaFP_Coursera/week2/funsets/src/main/scala/funsets/FunSets.scala
2020.10.31 21:37:55 WARN  no build target for: /root/ScalaFP_Coursera/week3/objsets/src/test/scala/objsets/TweetSetSuite.scala
something's wrong: no file:///root/ScalaFP_Coursera/week2/funsets/src/main/scala/funsets/FunSets.scala in Int => BooleanRangePosition(file:///root/ScalaFP_Coursera/week2/funsets/src/main/scala/funsets/FunSets.scala, 226, 230, 240)
2020.10.31 21:43:01 WARN  no build target for: /root/ScalaFP_Coursera/week3/objsets/src/main/scala/objsets/TweetSetInterface.scala
2020.10.31 21:44:38 WARN  no build target for: /root/ScalaFP_Coursera/week3/objsets/src/main/scala/objsets/TweetSet.scala
2020.10.31 21:44:54 WARN  no build target for: /root/ScalaFP_Coursera/week3/objsets/src/main/scala/objsets/TweetSet.scala
2020.10.31 21:45:11 WARN  no build target for: /root/ScalaFP_Coursera/week3/objsets/src/main/scala/objsets/TweetSet.scala
2020.10.31 21:45:22 WARN  no build target for: /root/ScalaFP_Coursera/week3/objsets/src/main/scala/objsets/TweetSet.scala
2020.10.31 21:45:38 WARN  no build tool detected in workspace '/root/ScalaFP_Coursera'. The most common cause for this problem is that the editor was opened in the wrong working directory, for example if you use sbt then the workspace directory should contain build.sbt. 
2020.10.31 21:45:38 WARN  no build target for: /root/ScalaFP_Coursera/week3/objsets/src/main/scala/objsets/TweetSet.scala
2020.10.31 21:45:45 WARN  no build target for: /root/ScalaFP_Coursera/week3/objsets/src/main/scala/objsets/TweetSet.scala
2020.10.31 21:46:31 WARN  no build target for: /root/ScalaFP_Coursera/week3/objsets/src/main/scala/objsets/TweetSet.scala
2020.10.31 21:47:26 WARN  no build target for: /root/ScalaFP_Coursera/week3/objsets/src/main/scala/objsets/TweetSet.scala
2020.10.31 21:49:13 WARN  no build target for: /root/ScalaFP_Coursera/week3/objsets/src/main/scala/objsets/TweetSet.scala
2020.10.31 21:53:11 WARN  no build target for: /root/ScalaFP_Coursera/week3/objsets/src/main/scala/objsets/TweetSet.scala
2020.10.31 21:53:14 WARN  no build target for: /root/ScalaFP_Coursera/week3/objsets/src/main/scala/objsets/TweetSet.scala
2020.10.31 21:55:07 WARN  no build target for: /root/ScalaFP_Coursera/week3/objsets/src/main/scala/objsets/TweetSet.scala
2020.10.31 21:58:38 WARN  no build tool detected in workspace '/root/ScalaFP_Coursera'. The most common cause for this problem is that the editor was opened in the wrong working directory, for example if you use sbt then the workspace directory should contain build.sbt. 
2020.10.31 22:00:07 WARN  no build target for: /root/ScalaFP_Coursera/week3/objsets/src/main/scala/objsets/TweetSet.scala
2020.10.31 22:05:20 WARN  no build target for: /root/ScalaFP_Coursera/week3/objsets/src/main/scala/objsets/TweetSet.scala
2020.10.31 22:12:31 WARN  no build target for: /root/ScalaFP_Coursera/week3/objsets/src/main/scala/objsets/TweetSet.scala
2020.10.31 22:15:38 WARN  no build target for: /root/ScalaFP_Coursera/week3/objsets/src/main/scala/objsets/TweetSet.scala
2020.10.31 22:20:57 WARN  no build target for: /root/ScalaFP_Coursera/week3/objsets/src/main/scala/objsets/TweetSet.scala
2020.10.31 22:22:17 WARN  no build target for: /root/ScalaFP_Coursera/week3/objsets/src/main/scala/objsets/TweetSet.scala
2020.10.31 22:22:20 WARN  no build target for: /root/ScalaFP_Coursera/week3/objsets/src/main/scala/objsets/TweetSet.scala
2020.10.31 22:37:13 WARN  no build target for: /root/ScalaFP_Coursera/week3/objsets/src/main/scala/objsets/TweetSet.scala
2020.10.31 22:37:59 WARN  no build target for: /root/ScalaFP_Coursera/week3/objsets/src/test/scala/objsets/TweetSetSuite.scala
2020.10.31 22:40:19 WARN  no build target for: /root/ScalaFP_Coursera/week3/objsets/src/main/scala/objsets/TweetSet.scala
2020.10.31 22:40:22 WARN  no build target for: /root/ScalaFP_Coursera/week3/objsets/src/main/scala/objsets/TweetSet.scala
2020.10.31 22:40:52 WARN  no build target for: /root/ScalaFP_Coursera/week3/objsets/src/main/scala/objsets/TweetSet.scala
2020.10.31 22:41:19 WARN  no build target for: /root/ScalaFP_Coursera/week3/objsets/src/main/scala/objsets/TweetSet.scala
2020.10.31 22:47:36 WARN  no build target for: /root/ScalaFP_Coursera/week3/objsets/src/main/scala/objsets/TweetSet.scala
2020.10.31 22:49:21 WARN  no build target for: /root/ScalaFP_Coursera/week3/objsets/src/main/scala/objsets/TweetSet.scala
2020.10.31 22:49:24 WARN  no build target for: /root/ScalaFP_Coursera/week3/objsets/src/main/scala/objsets/TweetSet.scala
2020.10.31 22:50:21 WARN  no build target for: /root/ScalaFP_Coursera/week3/objsets/src/main/scala/objsets/TweetSet.scala
2020.10.31 22:50:38 WARN  no build target for: /root/ScalaFP_Coursera/week3/objsets/src/main/scala/objsets/TweetSet.scala
something's wrong: no file:///root/ScalaFP_Coursera/week3/objsets/src/main/scala/objsets/TweetSet.scala in objsets.Tweet => BooleanRangePosition(file:///root/ScalaFP_Coursera/week3/objsets/src/main/scala/objsets/TweetSet.scala, 3700, 3706, 3716)
2020.10.31 22:51:45 WARN  no build target for: /root/ScalaFP_Coursera/week3/objsets/src/main/scala/objsets/TweetSet.scala
2020.10.31 22:53:45 WARN  no build target for: /root/ScalaFP_Coursera/week3/test3.scala
2020.10.31 23:00:23 WARN  no build target for: /root/ScalaFP_Coursera/week3/objsets/src/main/scala/objsets/TweetSet.scala
2020.10.31 23:00:54 WARN  no build target for: /root/ScalaFP_Coursera/week3/objsets/src/main/scala/objsets/TweetSet.scala
2020.10.31 23:02:16 WARN  no build target for: /root/ScalaFP_Coursera/week3/objsets/src/main/scala/objsets/TweetSet.scala
Oct 31, 2020 11:07:58 PM org.eclipse.lsp4j.jsonrpc.RemoteEndpoint handleCancellation
WARNING: Unmatched cancel notification for request id 18342
2020.10.31 23:08:47 WARN  no build target for: /root/ScalaFP_Coursera/week3/objsets/src/main/scala/objsets/TweetSet.scala
2020.10.31 23:09:39 WARN  no build target for: /root/ScalaFP_Coursera/week3/objsets/src/main/scala/objsets/TweetSet.scala
2020.10.31 23:09:41 WARN  no build target for: /root/ScalaFP_Coursera/week3/objsets/src/main/scala/objsets/TweetSet.scala
2020.10.31 23:11:12 WARN  no build target for: /root/ScalaFP_Coursera/week2/funsets/src/test/scala/funsets/FunSetSuite.scala
2020.10.31 23:11:28 WARN  no build target for: /root/ScalaFP_Coursera/week3/objsets/src/test/scala/objsets/TweetSetSuite.scala
2020.10.31 23:11:32 WARN  no build tool detected in workspace '/root/ScalaFP_Coursera'. The most common cause for this problem is that the editor was opened in the wrong working directory, for example if you use sbt then the workspace directory should contain build.sbt. 
2020.10.31 23:11:32 WARN  no build tool detected in workspace '/root/ScalaFP_Coursera'. The most common cause for this problem is that the editor was opened in the wrong working directory, for example if you use sbt then the workspace directory should contain build.sbt. 
2020.10.31 23:11:34 WARN  no build target for: /root/ScalaFP_Coursera/week3/objsets/src/test/scala/objsets/TweetSetSuite.scala
2020.10.31 23:11:36 WARN  no build tool detected in workspace '/root/ScalaFP_Coursera'. The most common cause for this problem is that the editor was opened in the wrong working directory, for example if you use sbt then the workspace directory should contain build.sbt. 
2020.10.31 23:11:36 WARN  no build tool detected in workspace '/root/ScalaFP_Coursera'. The most common cause for this problem is that the editor was opened in the wrong working directory, for example if you use sbt then the workspace directory should contain build.sbt. 
2020.10.31 23:11:37 WARN  no build target for: /root/ScalaFP_Coursera/week3/objsets/src/test/scala/objsets/TweetSetSuite.scala
2020.10.31 23:18:07 WARN  no build target for: /root/ScalaFP_Coursera/week3/test3.scala
2020.10.31 23:19:14 WARN  no build target for: /root/ScalaFP_Coursera/week3/objsets/src/main/scala/objsets/TweetSet.scala
2020.10.31 23:19:23 WARN  no build target for: /root/ScalaFP_Coursera/week3/objsets/src/main/scala/objsets/TweetSet.scala
2020.10.31 23:19:25 WARN  no build tool detected in workspace '/root/ScalaFP_Coursera'. The most common cause for this problem is that the editor was opened in the wrong working directory, for example if you use sbt then the workspace directory should contain build.sbt. 
2020.10.31 23:19:25 WARN  no build tool detected in workspace '/root/ScalaFP_Coursera'. The most common cause for this problem is that the editor was opened in the wrong working directory, for example if you use sbt then the workspace directory should contain build.sbt. 
2020.10.31 23:19:28 WARN  no build tool detected in workspace '/root/ScalaFP_Coursera'. The most common cause for this problem is that the editor was opened in the wrong working directory, for example if you use sbt then the workspace directory should contain build.sbt. 
2020.10.31 23:19:35 WARN  no build target for: /root/ScalaFP_Coursera/week3/objsets/src/main/scala/objsets/TweetSet.scala
2020.10.31 23:20:01 WARN  no build target for: /root/ScalaFP_Coursera/week3/objsets/src/main/scala/objsets/TweetSet.scala
2020.10.31 23:20:16 WARN  no build target for: /root/ScalaFP_Coursera/week3/objsets/src/main/scala/objsets/TweetSet.scala
2020.10.31 23:20:25 WARN  no build target for: /root/ScalaFP_Coursera/week3/objsets/src/main/scala/objsets/TweetSet.scala
2020.10.31 23:20:29 WARN  no build target for: /root/ScalaFP_Coursera/week3/objsets/src/main/scala/objsets/TweetSet.scala
2020.10.31 23:21:05 WARN  no build target for: /root/ScalaFP_Coursera/week3/objsets/src/test/scala/objsets/TweetSetSuite.scala
2020.10.31 23:21:10 WARN  no build target for: /root/ScalaFP_Coursera/week3/objsets/src/test/scala/objsets/TweetSetSuite.scala
2020.10.31 23:25:17 WARN  no build target for: /root/ScalaFP_Coursera/week3/objsets/src/main/scala/objsets/TweetSet.scala
2020.10.31 23:28:48 WARN  no build target for: /root/ScalaFP_Coursera/week3/objsets/src/main/scala/objsets/TweetSet.scala
2020.10.31 23:29:12 WARN  no build target for: /root/ScalaFP_Coursera/week3/objsets/src/main/scala/objsets/TweetSet.scala
